<?xml version="1.0" encoding="UTF-8"?>
<testsuite xmlns:xsi="http://www.w3.org/2001/XMLSchema-instance" xsi:noNamespaceSchemaLocation="https://maven.apache.org/surefire/maven-surefire-plugin/xsd/surefire-test-report-3.0.xsd" version="3.0" name="org.exemple.demo.batch.AppTest" time="0.014" tests="1" errors="0" skipped="0" failures="0">
  <properties>
    <property name="sun.desktop" value="windows"/>
    <property name="awt.toolkit" value="sun.awt.windows.WToolkit"/>
    <property name="file.encoding.pkg" value="sun.io"/>
    <property name="java.specification.version" value="1.8"/>
    <property name="sun.cpu.isalist" value="amd64"/>
    <property name="sun.jnu.encoding" value="Cp1252"/>
    <property name="java.class.path" value="C:\Users\Emile\Desktop\JAVA\java-projects\ticket\ticket-batch\target\test-classes;C:\Users\Emile\Desktop\JAVA\java-projects\ticket\ticket-batch\target\classes;C:\Users\Emile\Desktop\JAVA\java-projects\ticket\ticket-business\target\ticket-business-1.0-SNAPSHOT.jar;C:\Users\Emile\Desktop\JAVA\java-projects\ticket\ticket-consumer\target\ticket-consumer-1.0-SNAPSHOT.jar;C:\Users\Emile\Desktop\JAVA\java-projects\ticket\ticket-model\target\ticket-model-1.0-SNAPSHOT.jar;C:\Users\Emile\Desktop\JAVA\java-util\maven\libraries\junit\junit\3.8.1\junit-3.8.1.jar;"/>
    <property name="java.vm.vendor" value="Temurin"/>
    <property name="sun.arch.data.model" value="64"/>
    <property name="user.variant" value=""/>
    <property name="java.vendor.url" value="https://adoptium.net/"/>
    <property name="user.timezone" value="Europe/Paris"/>
    <property name="user.country.format" value="FR"/>
    <property name="java.vm.specification.version" value="1.8"/>
    <property name="os.name" value="Windows 10"/>
    <property name="user.country" value="GB"/>
    <property name="sun.java.launcher" value="SUN_STANDARD"/>
    <property name="sun.boot.library.path" value="C:\Users\Emile\Desktop\JAVA\java-util\jdk08\jre\bin"/>
    <property name="sun.java.command" value="C:\Users\Emile\AppData\Local\Temp\surefire8198765678652221627\surefirebooter-20230930141206820_12.jar C:\Users\Emile\AppData\Local\Temp\surefire8198765678652221627 2023-09-30T14-12-02_531-jvmRun1 surefire-20230930141206820_10tmp surefire_3-20230930141206820_11tmp"/>
    <property name="surefire.test.class.path" value="C:\Users\Emile\Desktop\JAVA\java-projects\ticket\ticket-batch\target\test-classes;C:\Users\Emile\Desktop\JAVA\java-projects\ticket\ticket-batch\target\classes;C:\Users\Emile\Desktop\JAVA\java-projects\ticket\ticket-business\target\ticket-business-1.0-SNAPSHOT.jar;C:\Users\Emile\Desktop\JAVA\java-projects\ticket\ticket-consumer\target\ticket-consumer-1.0-SNAPSHOT.jar;C:\Users\Emile\Desktop\JAVA\java-projects\ticket\ticket-model\target\ticket-model-1.0-SNAPSHOT.jar;C:\Users\Emile\Desktop\JAVA\java-util\maven\libraries\junit\junit\3.8.1\junit-3.8.1.jar;"/>
    <property name="sun.cpu.endian" value="little"/>
    <property name="user.home" value="C:\Users\Emile"/>
    <property name="user.language" value="en"/>
    <property name="java.specification.vendor" value="Oracle Corporation"/>
    <property name="java.home" value="C:\Users\Emile\Desktop\JAVA\java-util\jdk08\jre"/>
    <property name="basedir" value="C:\Users\Emile\Desktop\JAVA\java-projects\ticket\ticket-batch"/>
    <property name="file.separator" value="\"/>
    <property name="line.separator" value="&#10;"/>
    <property name="java.vm.specification.vendor" value="Oracle Corporation"/>
    <property name="java.specification.name" value="Java Platform API Specification"/>
    <property name="java.awt.graphicsenv" value="sun.awt.Win32GraphicsEnvironment"/>
    <property name="surefire.real.class.path" value="C:\Users\Emile\AppData\Local\Temp\surefire8198765678652221627\surefirebooter-20230930141206820_12.jar"/>
    <property name="sun.boot.class.path" value="C:\Users\Emile\Desktop\JAVA\java-util\jdk08\jre\lib\resources.jar;C:\Users\Emile\Desktop\JAVA\java-util\jdk08\jre\lib\rt.jar;C:\Users\Emile\Desktop\JAVA\java-util\jdk08\jre\lib\sunrsasign.jar;C:\Users\Emile\Desktop\JAVA\java-util\jdk08\jre\lib\jsse.jar;C:\Users\Emile\Desktop\JAVA\java-util\jdk08\jre\lib\jce.jar;C:\Users\Emile\Desktop\JAVA\java-util\jdk08\jre\lib\charsets.jar;C:\Users\Emile\Desktop\JAVA\java-util\jdk08\jre\lib\jfr.jar;C:\Users\Emile\Desktop\JAVA\java-util\jdk08\jre\classes"/>
    <property name="user.script" value=""/>
    <property name="sun.management.compiler" value="HotSpot 64-Bit Tiered Compilers"/>
    <property name="java.runtime.version" value="1.8.0_372-b07"/>
    <property name="user.name" value="Emile"/>
    <property name="path.separator" value=";"/>
    <property name="os.version" value="10.0"/>
    <property name="java.endorsed.dirs" value="C:\Users\Emile\Desktop\JAVA\java-util\jdk08\jre\lib\endorsed"/>
    <property name="java.runtime.name" value="OpenJDK Runtime Environment"/>
    <property name="file.encoding" value="Cp1252"/>
    <property name="java.vm.name" value="OpenJDK 64-Bit Server VM"/>
    <property name="localRepository" value="C:\Users\Emile\Desktop\JAVA\java-util\maven\libraries"/>
    <property name="java.vendor.url.bug" value="https://github.com/adoptium/adoptium-support/issues"/>
    <property name="java.io.tmpdir" value="C:\Users\Emile\AppData\Local\Temp\"/>
    <property name="java.version" value="1.8.0_372"/>
    <property name="user.dir" value="C:\Users\Emile\Desktop\JAVA\java-projects\ticket\ticket-batch"/>
    <property name="os.arch" value="amd64"/>
    <property name="java.vm.specification.name" value="Java Virtual Machine Specification"/>
    <property name="java.awt.printerjob" value="sun.awt.windows.WPrinterJob"/>
    <property name="user.language.format" value="fr"/>
    <property name="sun.os.patch.level" value=""/>
    <property name="java.library.path" value="C:\Users\Emile\Desktop\JAVA\java-util\jdk08\jre\bin;C:\WINDOWS\Sun\Java\bin;C:\WINDOWS\system32;C:\WINDOWS;C:\Program Files (x86)\Intel\iCLS Client\;C:\Program Files\Intel\iCLS Client\;C:\Windows\system32;C:\Windows;C:\Windows\System32\Wbem;C:\Windows\System32\WindowsPowerShell\v1.0\;C:\Program Files (x86)\NVIDIA Corporation\PhysX\Common;C:\Program Files (x86)\Intel\Intel(R) Management Engine Components\DAL;C:\Program Files\Intel\Intel(R) Management Engine Components\DAL;C:\Program Files (x86)\Intel\Intel(R) Management Engine Components\IPT;C:\Program Files\Intel\Intel(R) Management Engine Components\IPT;C:\Program Files\Intel\WiFi\bin\;C:\Program Files\Common Files\Intel\WirelessCommon\;C:\WINDOWS\system32;C:\WINDOWS;C:\WINDOWS\System32\Wbem;C:\WINDOWS\System32\WindowsPowerShell\v1.0\;C:\WINDOWS\System32\OpenSSH\;C:\Program Files\Git\cmd;C:\Program Files\MySQL\MySQL Workbench 8.0;C:\Program Files\MySQL\MySQL Shell 8.0\bin\;C:\Users\Emile\AppData\Local\Microsoft\WindowsApps;C:\Users\Emile\AppData\Local\Programs\Microsoft VS Code\bin;C:\Users\Emile\Desktop\JAVA\java-util\jdk08\bin;C:\Users\Emile\Desktop\JAVA\java-util\maven\apache-maven-3.9.4\bin;;."/>
    <property name="java.vm.info" value="mixed mode"/>
    <property name="java.vendor" value="Temurin"/>
    <property name="java.vm.version" value="25.372-b07"/>
    <property name="java.specification.maintenance.version" value="4"/>
    <property name="java.ext.dirs" value="C:\Users\Emile\Desktop\JAVA\java-util\jdk08\jre\lib\ext;C:\WINDOWS\Sun\Java\lib\ext"/>
    <property name="sun.io.unicode.encoding" value="UnicodeLittle"/>
    <property name="java.class.version" value="52.0"/>
  </properties>
  <testcase name="testApp" classname="org.exemple.demo.batch.AppTest" time="0.001"/>
</testsuite>